<?xml version="1.0" encoding="UTF-8" ?>
<testsuites disabled="0" errors="0" failures="0" tests="3" time="33.27">
 <testsuite name="TAT task testing" timestamp="2021-06-21T19:19:10" hostname="localhost" time="33.27" errors="0" tests="3" skipped="0" disabled="0" failures="0">
  <testcase classname="TAT task testing" name="login" time="18.463" />
  <testcase classname="TAT task testing" name="homepage" time="6.397" />
  <testcase classname="TAT task testing" name="pimpage" time="8.403" />
 </testsuite>
</testsuites>