<?xml version="1.0" encoding="UTF-8" ?>
<testsuites>
 <testsuite name="TAT task testing" timestamp="2021-06-21T13:59:39" hostname="localhost" time="25.776" errors="0" tests="3" skipped="0" failures="1">
  <testcase classname="TAT task testing" name="login" time="18.351">
  </testcase>
  <testcase classname="TAT task testing" name="homepage" time="6.344">
  </testcase>
  <testcase classname="TAT task testing" name="pimpage" time="1.079">
   <failure type="exception" message="Failed: No element found using locator: By(css selector, *[id=&amp;quot;firstName&amp;quot;])"><![CDATA[NoSuchElementError: No element found using locator: By(css selector, *[id="firstName"])
    at C:\TAT\tat_task\pr\node_modules\protractor\built\element.js:814:27
    at ManagedPromise.invokeCallback_ (C:\TAT\tat_task\pr\node_modules\selenium-webdriver\lib\promise.js:1376:14)
    at TaskQueue.execute_ (C:\TAT\tat_task\pr\node_modules\selenium-webdriver\lib\promise.js:3084:14)
    at TaskQueue.executeNext_ (C:\TAT\tat_task\pr\node_modules\selenium-webdriver\lib\promise.js:3067:27)
    at C:\TAT\tat_task\pr\node_modules\selenium-webdriver\lib\promise.js:2927:27
    at C:\TAT\tat_task\pr\node_modules\selenium-webdriver\lib\promise.js:668:7
    at processTicksAndRejections (internal/process/task_queues.js:97:5)Error
    at ElementArrayFinder.applyAction_ (C:\TAT\tat_task\pr\node_modules\protractor\built\element.js:459:27)
    at ElementArrayFinder.<computed> [as sendKeys] (C:\TAT\tat_task\pr\node_modules\protractor\built\element.js:91:29)
    at ElementFinder.<computed> [as sendKeys] (C:\TAT\tat_task\pr\node_modules\protractor\built\element.js:831:22)
    at pimpage.addfirstName (C:\TAT\tat_task\pr\pages\pimpage.js:16:25)
    at UserContext.<anonymous> (C:\TAT\tat_task\pr\tests\tat-task.js:49:17)
    at C:\TAT\tat_task\pr\node_modules\jasminewd2\index.js:112:25
    at new ManagedPromise (C:\TAT\tat_task\pr\node_modules\selenium-webdriver\lib\promise.js:1077:7)
    at ControlFlow.promise (C:\TAT\tat_task\pr\node_modules\selenium-webdriver\lib\promise.js:2505:12)
    at schedulerExecute (C:\TAT\tat_task\pr\node_modules\jasminewd2\index.js:95:18)
    at TaskQueue.execute_ (C:\TAT\tat_task\pr\node_modules\selenium-webdriver\lib\promise.js:3084:14)
From: Task: Run it("pimpage") in control flow
    at UserContext.<anonymous> (C:\TAT\tat_task\pr\node_modules\jasminewd2\index.js:94:19)
    at attempt (C:\TAT\tat_task\pr\node_modules\jasmine-core\lib\jasmine-core\jasmine.js:4297:26)
    at QueueRunner.run (C:\TAT\tat_task\pr\node_modules\jasmine-core\lib\jasmine-core\jasmine.js:4217:20)
    at QueueRunner.execute (C:\TAT\tat_task\pr\node_modules\jasmine-core\lib\jasmine-core\jasmine.js:4199:10)
    at Spec.queueRunnerFactory (C:\TAT\tat_task\pr\node_modules\jasmine-core\lib\jasmine-core\jasmine.js:909:35)
    at Spec.execute (C:\TAT\tat_task\pr\node_modules\jasmine-core\lib\jasmine-core\jasmine.js:526:10)
    at UserContext.fn (C:\TAT\tat_task\pr\node_modules\jasmine-core\lib\jasmine-core\jasmine.js:5340:37)
    at attempt (C:\TAT\tat_task\pr\node_modules\jasmine-core\lib\jasmine-core\jasmine.js:4297:26)
    at QueueRunner.run (C:\TAT\tat_task\pr\node_modules\jasmine-core\lib\jasmine-core\jasmine.js:4217:20)
    at runNext (C:\TAT\tat_task\pr\node_modules\jasmine-core\lib\jasmine-core\jasmine.js:4257:20)
From asynchronous test: 
Error
    at Suite.<anonymous> (C:\TAT\tat_task\pr\tests\tat-task.js:46:5)
    at addSpecsToSuite (C:\TAT\tat_task\pr\node_modules\jasmine-core\lib\jasmine-core\jasmine.js:1107:25)
    at Env.describe (C:\TAT\tat_task\pr\node_modules\jasmine-core\lib\jasmine-core\jasmine.js:1074:7)
    at describe (C:\TAT\tat_task\pr\node_modules\jasmine-core\lib\jasmine-core\jasmine.js:4399:18)
    at Object.<anonymous> (C:\TAT\tat_task\pr\tests\tat-task.js:16:1)
    at Module._compile (internal/modules/cjs/loader.js:1137:30)
    at Object.Module._extensions..js (internal/modules/cjs/loader.js:1157:10)
    at Module.load (internal/modules/cjs/loader.js:985:32)
    at Function.Module._load (internal/modules/cjs/loader.js:878:14)]]>
   </failure>
  </testcase>
 </testsuite>
</testsuites>